<?xml version="1.0" encoding="UTF-8"?>
<testsuite name="org.example.CalculadorMethodAddTest" tests="1" skipped="0" failures="0" errors="0" timestamp="2024-04-04T02:49:17" hostname="HUMBLEG0D" time="0.019">
  <properties/>
  <testcase name="testAdd_NegativeNumbers_ShouldReturnCorrectAdd()" classname="org.example.CalculadorMethodAddTest" time="0.019"/>
  <system-out><![CDATA[]]></system-out>
  <system-err><![CDATA[]]></system-err>
</testsuite>
